<?xml version="1.0" encoding="UTF-8"?>
<!-- Generated by org.testng.reporters.JUnitXMLReporter -->
<testsuite hostname="DESKTOP-KBG7AUO" ignored="4" name="Test_Automation_test" tests="2" failures="2" timestamp="22 Nov 2018 02:47:48 GMT" time="1.519" errors="0">
  <testcase name="tc001_addUserAndVerify" time="1.104" classname="org.venkat.test.Way2AutomationTest">
    <failure type="java.lang.AssertionError" message="expected [false] but found [true]">
      <![CDATA[java.lang.AssertionError: expected [false] but found [true]
at org.venkat.test.Way2AutomationTest.tc001_addUserAndVerify(Way2AutomationTest.java:36)
at org.venkat.api.core.TestExecutor.main(TestExecutor.java:13)
... Removed 27 stack frames]]>
    </failure>
  </testcase> <!-- tc001_addUserAndVerify -->
  <testcase name="tc002_addUserAndVerify" time="0.37" classname="org.venkat.test.Way2AutomationTest">
    <failure type="java.lang.AssertionError" message="expected [false] but found [true]">
      <![CDATA[java.lang.AssertionError: expected [false] but found [true]
at org.venkat.test.Way2AutomationTest.tc002_addUserAndVerify(Way2AutomationTest.java:48)
at org.venkat.api.core.TestExecutor.main(TestExecutor.java:13)
... Removed 27 stack frames]]>
    </failure>
  </testcase> <!-- tc002_addUserAndVerify -->
  <testcase name="verifyRetrieverSubBreed" time="0.0" classname="org.venkat.test.APITest">
    <ignored/>
  </testcase> <!-- verifyRetrieverSubBreed -->
  <testcase name="verifySubBreedRandomImage" time="0.0" classname="org.venkat.test.APITest">
    <ignored/>
  </testcase> <!-- verifySubBreedRandomImage -->
  <testcase name="verifyRetrieverIsInList" time="0.0" classname="org.venkat.test.APITest">
    <ignored/>
  </testcase> <!-- verifyRetrieverIsInList -->
  <testcase name="verifyListOfBreeds" time="0.0" classname="org.venkat.test.APITest">
    <ignored/>
  </testcase> <!-- verifyListOfBreeds -->
</testsuite> <!-- Test_Automation_test -->
