<!DOCTYPE html PUBLIC "-//W3C//DTD XHTML 1.1//EN" "http://www.w3.org/TR/xhtml11/DTD/xhtml11.dtd">
<html xmlns="http://www.w3.org/1999/xhtml">
<head>
<meta http-equiv="content-type" content="text/html; charset=UTF-8"/>
<title>TestNG Report</title>
<style type="text/css">table {margin-bottom:10px;border-collapse:collapse;empty-cells:show}th,td {border:1px solid #009;padding:.25em .5em}th {vertical-align:bottom}td {vertical-align:top}table a {font-weight:bold}.stripe td {background-color: #E6EBF9}.num {text-align:right}.passedodd td {background-color: #3F3}.passedeven td {background-color: #0A0}.skippedodd td {background-color: #DDD}.skippedeven td {background-color: #CCC}.failedodd td,.attn {background-color: #F33}.failedeven td,.stripe .attn {background-color: #D00}.stacktrace {white-space:pre;font-family:monospace}.totop {font-size:85%;text-align:center;border-bottom:2px solid #000}.invisible {display:none}</style>
</head>
<body>
<table>
<tr><th>Test</th><th># Passed</th><th># Skipped</th><th># Failed</th><th>Time (ms)</th><th>Included Groups</th><th>Excluded Groups</th></tr>
<tr><th colspan="7">Test_Automation_AutomationSuite</th></tr>
<tr><td><a href="#t0">Test_Automation_test</a></td><td class="num">0</td><td class="num">0</td><td class="num attn">2</td><td class="num">1,519</td><td>ui</td><td></td></tr>
</table>
<table id='summary'><thead><tr><th>Class</th><th>Method</th><th>Start</th><th>Time (ms)</th></tr></thead><tbody><tr><th colspan="4">Test_Automation_AutomationSuite</th></tr></tbody><tbody id="t0"><tr><th colspan="4">Test_Automation_test &#8212; failed</th></tr><tr class="failedeven"><td rowspan="2">org.venkat.test.Way2AutomationTest</td><td><a href="#m0">tc001_addUserAndVerify</a></td><td rowspan="1">1542854867250</td><td rowspan="1">1104</td></tr><tr class="failedeven"><td><a href="#m1">tc002_addUserAndVerify</a></td><td rowspan="1">1542854868355</td><td rowspan="1">370</td></tr></tbody>
</table>
<h2>Test_Automation_test</h2><h3 id="m0">org.venkat.test.Way2AutomationTest#tc001_addUserAndVerify</h3><table class="result"><tr><th>Exception</th></tr><tr><td><div class="stacktrace">java.lang.AssertionError: expected [false] but found [true]
	at org.venkat.test.Way2AutomationTest.tc001_addUserAndVerify(Way2AutomationTest.java:36)
	at org.venkat.api.core.TestExecutor.main(TestExecutor.java:13)
... Removed 27 stack frames</div></td></tr></table><p class="totop"><a href="#summary">back to summary</a></p>
<h3 id="m1">org.venkat.test.Way2AutomationTest#tc002_addUserAndVerify</h3><table class="result"><tr><th>Exception</th></tr><tr><td><div class="stacktrace">java.lang.AssertionError: expected [false] but found [true]
	at org.venkat.test.Way2AutomationTest.tc002_addUserAndVerify(Way2AutomationTest.java:48)
	at org.venkat.api.core.TestExecutor.main(TestExecutor.java:13)
... Removed 27 stack frames</div></td></tr></table><p class="totop"><a href="#summary">back to summary</a></p>
</body>
</html>
